<?xml version="1.0" encoding="UTF-8"?>
<testsuite xmlns:xsi="http://www.w3.org/2001/XMLSchema-instance" xsi:noNamespaceSchemaLocation="https://maven.apache.org/surefire/maven-surefire-plugin/xsd/surefire-test-report-3.0.xsd" version="3.0" name="com.fabre.PetHub.PetHubApplicationTests" time="1.609" tests="1" errors="0" skipped="0" failures="0">
  <properties>
[...]
</properties>
  <testcase name="contextLoads" classname="com.fabre.PetHub.PetHubApplicationTests" time="0.492">
    <system-out><![CDATA[14:43:06.767 [main] INFO org.springframework.test.context.support.AnnotationConfigContextLoaderUtils -- Could not detect default configuration classes for test class [com.fabre.PetHub.PetHubApplicationTests]: PetHubApplicationTests does not declare any static, non-private, non-final, nested classes annotated with @Configuration.
14:43:06.821 [main] INFO org.springframework.boot.test.context.SpringBootTestContextBootstrapper -- Found @SpringBootConfiguration com.fabre.PetHub.PetHubApplication for test class com.fabre.PetHub.PetHubApplicationTests

  .   ____          _            __ _ _
 /\\ / ___'_ __ _ _(_)_ __  __ _ \ \ \ \
( ( )\___ | '_ | '_| | '_ \/ _` | \ \ \ \
 \\/  ___)| |_)| | | | | || (_| |  ) ) ) )
  '  |____| .__|_| |_|_| |_\__, | / / / /
 =========|_|==============|___/=/_/_/_/

 :: Spring Boot ::                (v3.3.1)

2024-07-18T14:43:07.043-03:00  INFO 13332 --- [PetHub] [           main] c.fabre.PetHub.PetHubApplicationTests    : Starting PetHubApplicationTests using Java 21.0.2 with PID 13332 (started by andrefabre in /home/andrefabre/Desktop/ProjetoFinal)
2024-07-18T14:43:07.044-03:00  INFO 13332 --- [PetHub] [           main] c.fabre.PetHub.PetHubApplicationTests    : No active profile set, falling back to 1 default profile: "default"
2024-07-18T14:43:07.559-03:00  INFO 13332 --- [PetHub] [           main] o.s.b.a.w.s.WelcomePageHandlerMapping    : Adding welcome page template: index
2024-07-18T14:43:07.767-03:00  INFO 13332 --- [PetHub] [           main] c.fabre.PetHub.PetHubApplicationTests    : Started PetHubApplicationTests in 0.88 seconds (process running for 1.417)
]]></system-out>
    <system-err><![CDATA[WARNING: A Java agent has been loaded dynamically (/home/andrefabre/.m2/repository/net/bytebuddy/byte-buddy-agent/1.14.17/byte-buddy-agent-1.14.17.jar)
WARNING: If a serviceability tool is in use, please run with -XX:+EnableDynamicAgentLoading to hide this warning
WARNING: If a serviceability tool is not in use, please run with -Djdk.instrument.traceUsage for more information
WARNING: Dynamic loading of agents will be disallowed by default in a future release
]]></system-err>
  </testcase>
</testsuite>